<?xml version="1.0" encoding="UTF-8"?>
<coverage generated="1719301337096" clover="3.2.0">
  <project timestamp="1719301337097" name="All files">
    <metrics statements="22" coveredstatements="22" conditionals="1" coveredconditionals="1" methods="6" coveredmethods="6" elements="29" coveredelements="29" complexity="0" loc="22" ncloc="22" packages="3" files="3" classes="3"/>
    <package name="merge">
      <metrics statements="8" coveredstatements="8" conditionals="1" coveredconditionals="1" methods="1" coveredmethods="1"/>
      <file name="mergeBids.ts" path="/Users/victorwilliams/Documents/GitHub/orderbook_synchronization/src/functions/centrifuge/subscription/publication/merge/mergeBids.ts">
        <metrics statements="8" coveredstatements="8" conditionals="1" coveredconditionals="1" methods="1" coveredmethods="1"/>
        <line num="2" count="1" type="stmt"/>
        <line num="4" count="1" type="stmt"/>
        <line num="6" count="3" type="stmt"/>
        <line num="7" count="3" type="stmt"/>
        <line num="8" count="12" type="cond" truecount="1" falsecount="0"/>
        <line num="9" count="3" type="stmt"/>
        <line num="13" count="3" type="stmt"/>
        <line num="16" count="1" type="stmt"/>
      </file>
    </package>
    <package name="newBids">
      <metrics statements="8" coveredstatements="8" conditionals="0" coveredconditionals="0" methods="2" coveredmethods="2"/>
      <file name="newBids.ts" path="/Users/victorwilliams/Documents/GitHub/orderbook_synchronization/src/functions/centrifuge/subscription/publication/newBids/newBids.ts">
        <metrics statements="8" coveredstatements="8" conditionals="0" coveredconditionals="0" methods="2" coveredmethods="2"/>
        <line num="4" count="1" type="stmt"/>
        <line num="5" count="2" type="stmt"/>
        <line num="6" count="2" type="stmt"/>
        <line num="7" count="2" type="stmt"/>
        <line num="8" count="2" type="stmt"/>
        <line num="9" count="2" type="stmt"/>
        <line num="11" count="2" type="stmt"/>
        <line num="14" count="1" type="stmt"/>
      </file>
    </package>
    <package name="sort">
      <metrics statements="6" coveredstatements="6" conditionals="0" coveredconditionals="0" methods="3" coveredmethods="3"/>
      <file name="sortBids.ts" path="/Users/victorwilliams/Documents/GitHub/orderbook_synchronization/src/functions/centrifuge/subscription/publication/sort/sortBids.ts">
        <metrics statements="6" coveredstatements="6" conditionals="0" coveredconditionals="0" methods="3" coveredmethods="3"/>
        <line num="3" count="2" type="stmt"/>
        <line num="4" count="4" type="stmt"/>
        <line num="5" count="8" type="stmt"/>
        <line num="7" count="12" type="stmt"/>
        <line num="8" count="12" type="stmt"/>
        <line num="12" count="2" type="stmt"/>
      </file>
    </package>
  </project>
</coverage>
