TN:
SF:src/functions/centrifuge/subscription/publication/merge/mergeBids.ts
FN:4,(anonymous_0)
FNF:1
FNH:1
FNDA:3,(anonymous_0)
DA:2,1
DA:4,1
DA:6,3
DA:7,3
DA:8,12
DA:9,3
DA:13,3
DA:16,1
LF:8
LH:8
BRDA:8,0,0,3
BRF:1
BRH:1
end_of_record
TN:
SF:src/functions/centrifuge/subscription/publication/newBids/newBids.ts
FN:4,(anonymous_0)
FN:6,(anonymous_1)
FNF:2
FNH:2
FNDA:2,(anonymous_0)
FNDA:2,(anonymous_1)
DA:4,1
DA:5,2
DA:6,2
DA:7,2
DA:8,2
DA:9,2
DA:11,2
DA:14,1
LF:8
LH:8
BRF:0
BRH:0
end_of_record
TN:
SF:src/functions/centrifuge/subscription/publication/sort/sortBids.ts
FN:3,(anonymous_0)
FN:5,(anonymous_1)
FN:6,(anonymous_2)
FNF:3
FNH:3
FNDA:4,(anonymous_0)
FNDA:8,(anonymous_1)
FNDA:12,(anonymous_2)
DA:3,2
DA:4,4
DA:5,8
DA:7,12
DA:8,12
DA:12,2
LF:6
LH:6
BRF:0
BRH:0
end_of_record
